Watching for file changes with StatReloader
Watching for file changes with StatReloader
Watching for file changes with StatReloader
Not Found: /
"GET / HTTP/1.1" 404 3128
Not Found: /favicon.ico
"GET /favicon.ico HTTP/1.1" 404 3179
"GET /admin HTTP/1.1" 301 0
"GET /admin/ HTTP/1.1" 302 0
"GET /admin/login/?next=/admin/ HTTP/1.1" 200 4170
"GET /static/admin/css/nav_sidebar.css HTTP/1.1" 200 2810
"GET /static/admin/css/login.css HTTP/1.1" 200 951
"GET /static/admin/css/dark_mode.css HTTP/1.1" 200 2808
"GET /static/admin/css/base.css HTTP/1.1" 200 22120
"GET /static/admin/js/theme.js HTTP/1.1" 200 1653
"GET /static/admin/css/responsive.css HTTP/1.1" 200 16565
"GET /static/admin/js/nav_sidebar.js HTTP/1.1" 200 3063
"POST /admin/login/?next=/admin/ HTTP/1.1" 302 0
"GET /admin/ HTTP/1.1" 200 20869
"GET /static/admin/css/dashboard.css HTTP/1.1" 200 441
"GET /static/admin/img/icon-changelink.svg HTTP/1.1" 200 380
"GET /static/admin/img/icon-addlink.svg HTTP/1.1" 200 331
"GET /admin/content/contentdownload/ HTTP/1.1" 200 19932
"GET /static/admin/js/jquery.init.js HTTP/1.1" 200 347
"GET /static/admin/css/changelists.css HTTP/1.1" 200 6878
"GET /static/admin/js/core.js HTTP/1.1" 200 6208
"GET /static/admin/js/admin/RelatedObjectLookups.js HTTP/1.1" 200 9777
"GET /static/admin/js/prepopulate.js HTTP/1.1" 200 1531
"GET /static/admin/js/urlify.js HTTP/1.1" 200 7887
"GET /static/admin/js/actions.js HTTP/1.1" 200 8076
"GET /static/admin/img/search.svg HTTP/1.1" 200 458
"GET /admin/jsi18n/ HTTP/1.1" 200 3342
"GET /static/admin/js/vendor/jquery/jquery.js HTTP/1.1" 200 285314
"GET /static/admin/js/vendor/xregexp/xregexp.js HTTP/1.1" 200 325171
"GET /static/admin/js/filters.js HTTP/1.1" 200 978
"GET /static/admin/img/tooltag-add.svg HTTP/1.1" 200 331
"GET /static/admin/img/icon-viewlink.svg HTTP/1.1" 200 581
"GET /admin/content/content/ HTTP/1.1" 200 23558
"GET /admin/jsi18n/ HTTP/1.1" 200 3342
"GET /admin/content/question/ HTTP/1.1" 200 21925
"GET /admin/jsi18n/ HTTP/1.1" 200 3342
"GET /admin/content/studymaterial/ HTTP/1.1" 200 18720
"GET /admin/jsi18n/ HTTP/1.1" 200 3342
"GET /admin/content/tag/ HTTP/1.1" 200 25131
"GET /admin/jsi18n/ HTTP/1.1" 200 3342
"GET /static/admin/img/sorting-icons.svg HTTP/1.1" 200 1097
"GET /admin/content/userbookmark/ HTTP/1.1" 200 19881
"GET /admin/jsi18n/ HTTP/1.1" 200 3342
"GET /admin/student/course/ HTTP/1.1" 200 33307
"GET /static/admin/img/icon-yes.svg HTTP/1.1" 200 436
"GET /admin/jsi18n/ HTTP/1.1" 200 3342
"GET /admin/student/department/ HTTP/1.1" 200 28566
"GET /admin/jsi18n/ HTTP/1.1" 200 3342
"GET /admin/student/region/ HTTP/1.1" 200 35372
"GET /admin/jsi18n/ HTTP/1.1" 200 3342
"GET /admin/student/studentprofile/ HTTP/1.1" 200 25532
"GET /admin/jsi18n/ HTTP/1.1" 200 3342
"GET /admin/student/studysession/ HTTP/1.1" 200 21851
"GET /admin/jsi18n/ HTTP/1.1" 200 3342
"GET /admin/AItutor/aiinteraction/ HTTP/1.1" 200 20974
"GET /admin/jsi18n/ HTTP/1.1" 200 3342
"GET /admin/AItutor/aimodelusage/ HTTP/1.1" 200 19486
"GET /admin/jsi18n/ HTTP/1.1" 200 3342
"GET /admin/AItutor/chatmessage/ HTTP/1.1" 200 20626
"GET /admin/jsi18n/ HTTP/1.1" 200 3342
"GET /admin/AItutor/chatsession/ HTTP/1.1" 200 22128
"GET /admin/jsi18n/ HTTP/1.1" 200 3342
"GET /admin/AItutor/studyplantask/ HTTP/1.1" 200 20792
"GET /admin/jsi18n/ HTTP/1.1" 200 3342
"GET /admin/AItutor/studyplan/ HTTP/1.1" 200 21081
"GET /admin/jsi18n/ HTTP/1.1" 200 3342
"GET /admin/AItutor/aiinteraction/ HTTP/1.1" 200 20974
"GET /admin/jsi18n/ HTTP/1.1" 200 3342
"GET /admin/AItutor/aiinteraction/?interaction_type__exact=question_answer HTTP/1.1" 200 21538
"GET /admin/jsi18n/ HTTP/1.1" 200 3342
Not Found: /api/student/regions/
"GET /api/student/regions/ HTTP/1.1" 404 3206
Not Found: /api/student/departments/
"GET /api/student/departments/ HTTP/1.1" 404 3218
Not Found: /api/student/courses/
"GET /api/student/courses/ HTTP/1.1" 404 3206
Not Found: /api/content/categories/
"GET /api/content/categories/ HTTP/1.1" 404 3215
Not Found: /api/content/tags/
"GET /api/content/tags/ HTTP/1.1" 404 3197
Not Found: /api/ai-tutor/ai-models/
"GET /api/ai-tutor/ai-models/ HTTP/1.1" 404 3215
Not Found: /api/services/health/
"GET /api/services/health/ HTTP/1.1" 404 3206
"GET /api/v1/students/regions/ HTTP/1.1" 200 2340
"GET /api/v1/students/departments/ HTTP/1.1" 200 1975
"GET /api/v1/students/courses/ HTTP/1.1" 200 4011
"GET /api/v1/content/categories/ HTTP/1.1" 200 1749
"GET /api/v1/content/tags/ HTTP/1.1" 200 1190
Not Found: /api/v1/ai-tutor/ai-models/
"GET /api/v1/ai-tutor/ai-models/ HTTP/1.1" 404 11013
Error in health_check: RagProcessor.__init__() missing 1 required positional argument: 'config'
Internal Server Error: /api/v1/services/health/
"GET /api/v1/services/health/ HTTP/1.1" 500 105
/Users/evidenceejimone/jain/backend/AItutor/views.py changed, reloading.
Watching for file changes with StatReloader
/Users/evidenceejimone/jain/backend/AItutor/urls.py changed, reloading.
Watching for file changes with StatReloader
/Users/evidenceejimone/jain/backend/services/views.py changed, reloading.
Watching for file changes with StatReloader
/Users/evidenceejimone/jain/backend/AItutor/views.py changed, reloading.
Watching for file changes with StatReloader
"GET /api/v1/students/regions/ HTTP/1.1" 200 2340
"GET /api/v1/students/departments/ HTTP/1.1" 200 1975
"GET /api/v1/students/courses/ HTTP/1.1" 200 4011
"GET /api/v1/content/categories/ HTTP/1.1" 200 1749
"GET /api/v1/content/tags/ HTTP/1.1" 200 1190
Forbidden: /api/v1/ai-tutor/ai-models/
"GET /api/v1/ai-tutor/ai-models/ HTTP/1.1" 403 58
"GET /api/v1/services/health/ HTTP/1.1" 200 195
/Users/evidenceejimone/jain/backend/AItutor/views.py changed, reloading.
Watching for file changes with StatReloader
/Users/evidenceejimone/jain/backend/AItutor/views.py changed, reloading.
Watching for file changes with StatReloader
"GET /api/v1/students/regions/ HTTP/1.1" 200 2340
"GET /api/v1/students/departments/ HTTP/1.1" 200 1975
"GET /api/v1/students/courses/ HTTP/1.1" 200 4011
"GET /api/v1/content/categories/ HTTP/1.1" 200 1749
"GET /api/v1/content/tags/ HTTP/1.1" 200 1190
"GET /api/v1/ai-tutor/ai-models/ HTTP/1.1" 200 277
"GET /api/v1/services/health/ HTTP/1.1" 200 195
